2025-06-19 02:53:34.972 [info] Extension host with pid 8702 started
2025-06-19 02:53:34.972 [error] Error: EEXIST: file already exists, open '/home/hackathon_participant12/.codeoss/data/User/workspaceStorage/778836bb/vscode.lock'
2025-06-19 02:53:34.981 [info] Lock '/home/hackathon_participant12/.codeoss/data/User/workspaceStorage/778836bb/vscode.lock': Could not acquire lock, checking if the file is stale.
2025-06-19 02:53:34.990 [info] Lock '/home/hackathon_participant12/.codeoss/data/User/workspaceStorage/778836bb/vscode.lock': The lock does not look stale, elapsed: 985 ms, giving up.
2025-06-19 02:53:35.012 [info] Lock '/home/hackathon_participant12/.codeoss/data/User/workspaceStorage/778836bb-1/vscode.lock': Lock acquired.
2025-06-19 02:53:35.135 [info] ExtensionService#_doActivateExtension vscode.emmet, startup: false, activationEvent: 'onLanguage'
2025-06-19 02:53:35.137 [info] ExtensionService#_doActivateExtension ms-python.python, startup: false, activationEvent: 'onLanguage:python'
2025-06-19 02:53:35.941 [error] Error: spawn /google/devshell/editor/code-oss-for-cloud-shell/extensions/ms-python.python/python-env-tools/bin/pet ENOENT
	at ChildProcess._handle.onexit (node:internal/child_process:285:19)
	at onErrorNT (node:internal/child_process:483:16)
	at process.processTicksAndRejections (node:internal/process/task_queues:82:21)
2025-06-19 02:53:36.134 [info] ExtensionService#_doActivateExtension vscode.git-base, startup: true, activationEvent: '*', root cause: vscode.git
2025-06-19 02:53:36.337 [info] ExtensionService#_doActivateExtension vscode.git, startup: true, activationEvent: '*'
2025-06-19 02:53:36.338 [info] ExtensionService#_doActivateExtension vscode.github, startup: true, activationEvent: '*'
2025-06-19 02:53:36.729 [info] Eager extensions activated
2025-06-19 02:53:36.730 [info] ExtensionService#_doActivateExtension EditorConfig.EditorConfig, startup: false, activationEvent: 'onStartupFinished'
2025-06-19 02:53:36.730 [info] ExtensionService#_doActivateExtension google.cloud-shell, startup: false, activationEvent: 'onStartupFinished'
2025-06-19 02:53:36.731 [info] ExtensionService#_doActivateExtension google.geminicodeassist, startup: false, activationEvent: 'onStartupFinished', root cause: googlecloudtools.cloudcode
2025-06-19 02:53:36.731 [info] ExtensionService#_doActivateExtension vscode.debug-auto-launch, startup: false, activationEvent: 'onStartupFinished'
2025-06-19 02:53:36.732 [info] ExtensionService#_doActivateExtension vscode.merge-conflict, startup: false, activationEvent: 'onStartupFinished'
2025-06-19 02:53:40.570 [info] ExtensionService#_doActivateExtension googlecloudtools.cloudcode, startup: false, activationEvent: 'onStartupFinished'
2025-06-19 02:53:42.980 [info] ExtensionService#_doActivateExtension vscode.configuration-editing, startup: false, activationEvent: 'onLanguage:jsonc'
2025-06-19 02:53:42.980 [info] ExtensionService#_doActivateExtension vscode.json-language-features, startup: false, activationEvent: 'onLanguage:jsonc'
2025-06-19 02:53:42.981 [info] ExtensionService#_doActivateExtension vscode.typescript-language-features, startup: false, activationEvent: 'onLanguage:jsonc'
2025-06-19 03:07:32.368 [warning] [Decorations] CAPPING events from decorations provider vscode.git 6449
2025-06-19 03:07:34.480 [warning] [Decorations] CAPPING events from decorations provider vscode.git 6449
2025-06-19 03:08:24.652 [warning] [Decorations] CAPPING events from decorations provider vscode.git 6449
2025-06-19 03:08:30.527 [warning] [Decorations] CAPPING events from decorations provider vscode.git 6449
2025-06-19 03:08:35.872 [warning] [Decorations] CAPPING events from decorations provider vscode.git 6449
2025-06-19 03:10:30.671 [warning] [Decorations] CAPPING events from decorations provider vscode.git 6449
2025-06-19 03:11:00.836 [info] ExtensionService#_doActivateExtension vscode.github-authentication, startup: false, activationEvent: 'onAuthenticationRequest:github'
2025-06-19 03:29:19.214 [info] ExtensionService#_doActivateExtension vscode.simple-browser, startup: false, activationEvent: 'onOpenExternalUri:https'
