Initializing document watcher...
Document watcher initialized
hackathon_participant12/Untitled-1: {}
hackathon_participant12/Untitled-1: {}
hackathon_participant12/Untitled-1: {}
hackathon_participant12/Untitled-1: {}
hackathon_participant12/agent.py: Using EditorConfig core...
hackathon_participant12/agent.py: {}
hackathon_participant12/agent.py: {}
hackathon_participant12/agent.py: {}
hackathon_participant12/agent.py: {}
hackathon_participant12/agent.py: {}
hackathon_participant12/agent.py: {}
hackathon_participant12/agent.py: {}
hackathon_participant12/agent.py: {}
hackathon_participant12/agent.py: {}
hackathon_participant12/agent.py: {}
hackathon_participant12/agent.py: {}
hackathon_participant12/agent.py: {}
hackathon_participant12/sub_agents/product_name_create/agent.py: {}
hackathon_participant12/sub_agents/product_name_create/agent.py: {}
hackathon_participant12/sub_agents/product_name_create/agent.py: Using EditorConfig core...
hackathon_participant12/sub_agents/product_name_create/agent.py: Using EditorConfig core...
hackathon_participant12/sub_agents/product_name_create/agent.py: {}
hackathon_participant12/sub_agents/product_name_create/prompt.py: {}
hackathon_participant12/sub_agents/product_name_create/prompt.py: Using EditorConfig core...
hackathon_participant12/sub_agents/product_name_create/prompt.py: {}
hackathon_participant12/prompt.py: {}
hackathon_participant12/prompt.py: Using EditorConfig core...
hackathon_participant12/prompt.py: {}
hackathon_participant12/__init__.py: {}
hackathon_participant12/__init__.py: Using EditorConfig core...
hackathon_participant12/__init__.py: {}
hackathon_participant12/sub_agents/product_name_create/__init__.py: {}
hackathon_participant12/sub_agents/product_name_create/__init__.py: Using EditorConfig core...
hackathon_participant12/sub_agents/product_name_create/__init__.py: {}
hackathon_participant12/sub_agents/product_name_create/__init__.py: {}
hackathon_participant12/sub_agents/product_name_create/__init__.py: {}
hackathon_participant12/sub_agents/product_name_create/__init__.py: {}
hackathon_participant12/prompt.py: {}
hackathon_participant12/agent.py: {}
hackathon_participant12/agent.py: {}
hackathon_participant12/agent.py: {}
hackathon_participant12/product-manager/agent.py: {}
hackathon_participant12/product-manager/agent.py: {}
hackathon_participant12/product-manager/__init__.py: {}
hackathon_participant12/product-manager/__init__.py: {}
hackathon_participant12/product-manager/__init__.py: {}
hackathon_participant12/product-manager/product_name_create/__init__.py: {}
hackathon_participant12/product-manager/__init__.py: {}
hackathon_participant12/product-manager/__init__.py: {}
hackathon_participant12/product-manager/__init__.py: {}
hackathon_participant12/product-manager/__init__.py: {}
hackathon_participant12/product-manager/agent.py: {}
hackathon_participant12/product-manager/agent.py: {}
hackathon_participant12/product-manager/agent.py: {}
hackathon_participant12/product-manager/agent.py: {}
hackathon_participant12/product-manager/agent.py: {}
hackathon_participant12/product-manager/agent.py: {}
hackathon_participant12/sub_agents/product_name_create/__init__.py: {}
hackathon_participant12/sub_agents/product_name_create/__init__.py: {}
hackathon_participant12/sub_agents/product_name_create/__init__.py: {}
hackathon_participant12/sub_agents/product_name_create/__init__.py: {}
hackathon_participant12/sub_agents/product_name_create/__init__.py: {}
hackathon_participant12/sub_agents/product_name_create/__init__.py: {}
hackathon_participant12/product-manager/product-managerchild/sub_agents/product_name_create/__init__.py: {}
hackathon_participant12/product-manager/product-manager/sub_agents/product_name_create/__init__.py: {}
hackathon_participant12/product-manager/product-manager/sub_agents/product_name_create/__init__.py: {}
hackathon_participant12/product-manager/product-manager/sub_agents/product_name_create/__init__.py: {}
hackathon_participant12/product-manager/product-manager/sub_agents/product_name_create/__init__.py: {}
hackathon_participant12/product-manager/product-manager/sub_agents/product_name_create/__init__.py: {}
hackathon_participant12/product-manager/product-manager/sub_agents/product_name_create/__init__.py: {}
hackathon_participant12/product-manager/product-manager/sub_agents/product_name_create/__init__.py: {}
hackathon_participant12/product-manager/deployment/deploy.py: {}
hackathon_participant12/product-manager/deployment/deploy.py: Using EditorConfig core...
hackathon_participant12/product-manager/prompt.py: {}
hackathon_participant12/product-manager/__init__.py: {}
hackathon_participant12/product-manager/__init__.py: {}
hackathon_participant12/product-manager/__init__.py: {}
hackathon_participant12/product-manager/agent.py: {}
hackathon_participant12/product-manager/agent.py: {}
hackathon_participant12/product-manager/agent.py: {}
hackathon_participant12/product-manager/agent.py: {}
hackathon_participant12/product-manager/agent.py: {}
hackathon_participant12/product-manager/agent.py: {}
hackathon_participant12/.env: {}
hackathon_participant12/.env: Using EditorConfig core...
hackathon_participant12/.env: Using EditorConfig core...
hackathon_participant12/.env: Using EditorConfig core...
hackathon_participant12/.env: {}
hackathon_participant12/.env: Using EditorConfig core...
hackathon_participant12/.env: Using EditorConfig core...
hackathon_participant12/.env: {}
hackathon_participant12/.env: Using EditorConfig core...
hackathon_participant12/.env: Using EditorConfig core...
hackathon_participant12/.env: {}
hackathon_participant12/.env: Using EditorConfig core...
hackathon_participant12/.env: Using EditorConfig core...
hackathon_participant12/.env: Using EditorConfig core...
hackathon_participant12/.env: {}
hackathon_participant12/.env: {}
hackathon_participant12/.env: {}
hackathon_participant12/.env: {}
hackathon_participant12/.env: {}
hackathon_participant12/.env: {}
hackathon_participant12/.env: {}
hackathon_participant12/.env: {}
hackathon_participant12/.env: {}
hackathon_participant12/.env: {}
hackathon_participant12/.env: {}
hackathon_participant12/.env: {}
hackathon_participant12/product-manager/agent.py: {}
hackathon_participant12/product-manager/agent.py: {}
hackathon_participant12/product-manager/prompt.py: {}
hackathon_participant12/product-manager/prompt.py: {}
hackathon_participant12/product-manager/prompt.py: {}
hackathon_participant12/product-manager/prompt.py: {}
hackathon_participant12/product-manager/prompt.py: {}
hackathon_participant12/product-manager/prompt.py: {}
hackathon_participant12/product-manager/prompt.py: {}
hackathon_participant12/product-manager/prompt.py: {}
hackathon_participant12/product-manager/prompt.py: Using EditorConfig core...
hackathon_participant12/product-manager/prompt.py: {}
hackathon_participant12/product-manager/prompt.py: {}
hackathon_participant12/product-manager/prompt.py: {}
hackathon_participant12/product-manager/prompt.py: {}
hackathon_participant12/product-manager/sub_agents/product_name_create/__init__.py: {}
hackathon_participant12/product-manager/sub_agents/product_name_create/agent.py: {}
hackathon_participant12/product-manager/sub_agents/product_name_create/__init__.py: {}
hackathon_participant12/product-manager/sub_agents/gtmAgent/__init__.py: {}
hackathon_participant12/product-manager/sub_agents/gtmAgent/__init__ copy.py: {}
hackathon_participant12/product-manager/sub_agents/gtmAgent/__init__.py: {}
hackathon_participant12/product-manager/sub_agents/discoveryAgent/__init__.py: {}
hackathon_participant12/product-manager/sub_agents/deliveryAgent/__init__.py: {}
hackathon_participant12/product-manager/sub_agents/product_name_create/agent.py: {}
hackathon_participant12/product-manager/sub_agents/product_name_create/prompt.py: {}
hackathon_participant12/product-manager/sub_agents/product_name_create/agent.py: {}
hackathon_participant12/product-manager/sub_agents/gtmAgent/agent.py: {}
hackathon_participant12/product-manager/sub_agents/discoveryAgent/agent.py: {}
hackathon_participant12/product-manager/sub_agents/deliveryAgent/agent.py: {}
hackathon_participant12/product-manager/sub_agents/deliveryAgent/agent.py: {}
hackathon_participant12/product-manager/sub_agents/deliveryAgent/agent.py: {}
hackathon_participant12/product-manager/sub_agents/deliveryAgent/agent.py: {}
hackathon_participant12/product-manager/sub_agents/deliveryAgent/agent.py: {}
hackathon_participant12/product-manager/sub_agents/deliveryAgent/agent.py: {}
hackathon_participant12/product-manager/sub_agents/deliveryAgent/agent.py: {}
hackathon_participant12/product-manager/sub_agents/deliveryAgent/agent.py: {}
hackathon_participant12/product-manager/sub_agents/deliveryAgent/agent.py: {}
hackathon_participant12/product-manager/sub_agents/deliveryAgent/agent.py: Using EditorConfig core...
hackathon_participant12/product-manager/sub_agents/delivery/agent.py: {}
hackathon_participant12/product-manager/sub_agents/delivery/agent.py: {}
hackathon_participant12/product-manager/sub_agents/delivery/agent.py: Using EditorConfig core...
hackathon_participant12/product-manager/sub_agents/delivery/agent.py: Using EditorConfig core...
hackathon_participant12/product-manager/sub_agents/delivery/agent.py: Using EditorConfig core...
hackathon_participant12/product-manager/sub_agents/delivery/agent.py: Using EditorConfig core...
hackathon_participant12/product-manager/sub_agents/product_name_create/prompt.py: {}
hackathon_participant12/product-manager/sub_agents/delivery/prompt.py: {}
hackathon_participant12/product-manager/sub_agents/delivery/agent.py: {}
hackathon_participant12/product-manager/sub_agents/delivery/prompt.py: {}
hackathon_participant12/product-manager/sub_agents/delivery/agent.py: {}
hackathon_participant12/product-manager/sub_agents/delivery/prompt.py: {}
hackathon_participant12/product-manager/sub_agents/delivery/prompt.py: Using EditorConfig core...
hackathon_participant12/product-manager/sub_agents/delivery/prompt.py: Using EditorConfig core...
hackathon_participant12/product-manager/agent.py: {}
hackathon_participant12/product-manager/prompt.py: {}
hackathon_participant12/product-manager/prompt.py: {}
hackathon_participant12/product-manager/prompt.py: {}
hackathon_participant12/product-manager/prompt.py: {}
hackathon_participant12/product-manager/prompt.py: {}
hackathon_participant12/product-manager/prompt.py: {}
hackathon_participant12/product-manager/prompt.py: {}
hackathon_participant12/product-manager/prompt.py: {}
hackathon_participant12/product-manager/prompt.py: {}
hackathon_participant12/product-manager/prompt.py: Using EditorConfig core...
hackathon_participant12/product-manager/prompt.py: Using EditorConfig core...
hackathon_participant12/product-manager/prompt.py: {}
hackathon_participant12/product-manager/agent.py: {}
hackathon_participant12/product-manager/agent.py: {}
hackathon_participant12/product-manager/agent.py: {}
hackathon_participant12/product-manager/agent.py: {}
hackathon_participant12/product-manager/agent.py: {}
hackathon_participant12/product-manager/agent.py: {}
hackathon_participant12/product-manager/agent.py: {}
hackathon_participant12/product-manager/agent.py: {}
hackathon_participant12/product-manager/agent.py: {}
hackathon_participant12/product-manager/agent.py: {}
hackathon_participant12/product-manager/agent.py: {}
hackathon_participant12/product-manager/agent.py: {}
hackathon_participant12/product-manager/agent.py: {}
hackathon_participant12/product-manager/agent.py: {}
hackathon_participant12/product-manager/agent.py: {}
hackathon_participant12/product-manager/sub_agents/product_name_create/prompt.py: {}
hackathon_participant12/product-manager/prompt.py: {}
hackathon_participant12/product-manager/agent.py: {}
hackathon_participant12/product-manager/agent.py: Using EditorConfig core...
hackathon_participant12/product-manager/prompt.py: {}
hackathon_participant12/product-manager/agent.py: {}
hackathon_participant12/product-manager/agent.py: Using EditorConfig core...
hackathon_participant12/product-manager/agent.py: Using EditorConfig core...
hackathon_participant12/product-manager/agent.py: Using EditorConfig core...
hackathon_participant12/product-manager/agent.py: Using EditorConfig core...
hackathon_participant12/product-manager/agent.py: Using EditorConfig core...
hackathon_participant12/product-manager/agent.py: Using EditorConfig core...
hackathon_participant12/product-manager/agent.py: {}
hackathon_participant12/product-manager/agent.py: Using EditorConfig core...
hackathon_participant12/product-manager/agent.py: Using EditorConfig core...
hackathon_participant12/product-manager/agent.py: Using EditorConfig core...
hackathon_participant12/product-manager/agent.py: Using EditorConfig core...
hackathon_participant12/product-manager/agent.py: Using EditorConfig core...
hackathon_participant12/product-manager/agent.py: Using EditorConfig core...
hackathon_participant12/product-manager/sub_agents/discovery/agent.py: {}
hackathon_participant12/product-manager/sub_agents/discovery/agent.py: Using EditorConfig core...
hackathon_participant12/product-manager/sub_agents/discovery/agent.py: Using EditorConfig core...
hackathon_participant12/product-manager/sub_agents/discovery/agent.py: Using EditorConfig core...
hackathon_participant12/product-manager/sub_agents/discovery/agent.py: Using EditorConfig core...
hackathon_participant12/product-manager/__init__.py: {}
hackathon_participant12/product-manager/sub_agents/product_name_create/agent.py: {}
hackathon_participant12/product-manager/sub_agents/product_name_create/prompt.py: {}
hackathon_participant12/product-manager/sub_agents/discovery/prompt.py: {}
hackathon_participant12/product-manager/sub_agents/discovery/prompt.py: Using EditorConfig core...
hackathon_participant12/product-manager/sub_agents/discovery/prompt.py: Using EditorConfig core...
hackathon_participant12/product-manager/sub_agents/discovery/prompt.py: Using EditorConfig core...
hackathon_participant12/product-manager/sub_agents/discovery/prompt.py: {}
hackathon_participant12/product-manager/sub_agents/discovery/prompt.py: {}
hackathon_participant12/product-manager/sub_agents/discovery/prompt.py: {}
hackathon_participant12/product-manager/sub_agents/discovery/prompt.py: {}
hackathon_participant12/product-manager/sub_agents/discovery/prompt.py: {}
hackathon_participant12/product-manager/sub_agents/discovery/prompt.py: {}
hackathon_participant12/product-manager/sub_agents/discovery/agent.py: {}
hackathon_participant12/product-manager/sub_agents/discovery/prompt.py: {}
hackathon_participant12/product-manager/sub_agents/discovery/prompt.py: Using EditorConfig core...
hackathon_participant12/product-manager/sub_agents/discovery/prompt.py: {}
hackathon_participant12/product-manager/sub_agents/discovery/prompt.py: {}
hackathon_participant12/product-manager/sub_agents/discovery/prompt.py: Using EditorConfig core...
hackathon_participant12/product-manager/sub_agents/discovery/prompt.py: {}
hackathon_participant12/product-manager/sub_agents/discovery/prompt.py: {}
hackathon_participant12/product-manager/sub_agents/discovery/prompt.py: {}
hackathon_participant12/product-manager/agent.py: {}
hackathon_participant12/product-manager/agent.py: Using EditorConfig core...
hackathon_participant12/product-manager/prompt.py: {}
hackathon_participant12/product-manager/prompt.py: {}
hackathon_participant12/product-manager/prompt.py: {}
hackathon_participant12/product-manager/sub_agents/discovery/__init__.py: {}
hackathon_participant12/product-manager/sub_agents/discovery/agent.py: {}
hackathon_participant12/product-manager/sub_agents/discovery/__init__.py: {}
hackathon_participant12/product-manager/sub_agents/discovery/__init__.py: Using EditorConfig core...
hackathon_participant12/product-manager/sub_agents/discovery/__init__.py: Using EditorConfig core...
hackathon_participant12/product-manager/sub_agents/discovery/__init__.py: {}
hackathon_participant12/product-manager/sub_agents/discovery/__init__.py: {}
hackathon_participant12/product-manager/sub_agents/discovery/__init__.py: {}
hackathon_participant12/product-manager/sub_agents/discovery/__init__.py: {}
hackathon_participant12/product-manager/sub_agents/discovery/__init__.py: {}
hackathon_participant12/product-manager/prompt.py: {}
hackathon_participant12/product-manager/prompt.py: Using EditorConfig core...
hackathon_participant12/product-manager/prompt.py: Using EditorConfig core...
hackathon_participant12/product-manager/prompt.py: {}
hackathon_participant12/product-manager/prompt.py: {}
hackathon_participant12/product-manager/prompt.py: {}
hackathon_participant12/product-manager/prompt.py: {}
hackathon_participant12/product-manager/prompt.py: {}
hackathon_participant12/product-manager/sub_agents/discovery/prompt.py: {}
hackathon_participant12/product-manager/sub_agents/discovery/prompt.py: {}
hackathon_participant12/product-manager/sub_agents/discovery/prompt.py: {}
hackathon_participant12/product-manager/sub_agents/discovery/prompt.py: {}
hackathon_participant12/product-manager/agent.py: {}
hackathon_participant12/product-manager/prompt.py: {}
hackathon_participant12/product-manager/prompt.py: {}
hackathon_participant12/product-manager/prompt.py: {}
hackathon_participant12/product-manager/prompt.py: {}
