2025-06-19 03:11:01.095 [info] Reading sessions from keychain...
2025-06-19 03:11:01.095 [info] Getting sessions for all scopes...
2025-06-19 03:11:01.095 [info] Got 0 sessions for ...
2025-06-19 03:11:01.192 [info] Getting sessions for read:user,repo,user:email,workflow...
2025-06-19 03:11:01.192 [info] Got 0 sessions for read:user,repo,user:email,workflow...
2025-06-19 03:11:03.160 [info] Logging in with 'any' account...
2025-06-19 03:11:03.160 [info] Logging in for the following scopes: read:user repo user:email workflow
2025-06-19 03:11:03.367 [info] Trying device code flow... (read:user repo user:email workflow)
2025-06-19 03:13:18.606 [info] Getting user info...
2025-06-19 03:13:19.075 [info] Got account info!
2025-06-19 03:13:19.076 [info] Storing 1 sessions...
2025-06-19 03:13:19.180 [info] Reading sessions from keychain...
2025-06-19 03:13:19.180 [info] Stored 1 sessions!
2025-06-19 03:13:19.180 [info] Login success!
2025-06-19 03:13:19.288 [info] Got stored sessions!
2025-06-19 03:13:19.289 [info] Got 1 verified sessions.
2025-06-19 03:13:19.505 [info] Getting sessions for read:user,repo,user:email,workflow...
2025-06-19 03:13:19.505 [info] Got 1 sessions for read:user,repo,user:email,workflow...
2025-06-19 03:13:36.903 [info] Getting sessions for read:user,repo,user:email,workflow...
2025-06-19 03:13:36.903 [info] Got 1 sessions for read:user,repo,user:email,workflow...
2025-06-19 03:15:05.647 [info] Getting sessions for read:user,repo,user:email,workflow...
2025-06-19 03:15:05.647 [info] Got 1 sessions for read:user,repo,user:email,workflow...
2025-06-19 03:37:24.010 [info] Getting sessions for read:user,repo,user:email,workflow...
2025-06-19 03:37:24.010 [info] Got 1 sessions for read:user,repo,user:email,workflow...
2025-06-19 03:38:03.461 [info] Getting sessions for read:user,repo,user:email,workflow...
2025-06-19 03:38:03.461 [info] Got 1 sessions for read:user,repo,user:email,workflow...
2025-06-19 03:48:34.217 [info] Getting sessions for read:user,repo,user:email,workflow...
2025-06-19 03:48:34.217 [info] Got 1 sessions for read:user,repo,user:email,workflow...
