2025-06-19 02:53:43.306 [info] [main] Log level: Info
2025-06-19 02:53:43.306 [info] [main] Validating found git in: "git"
2025-06-19 02:53:43.306 [info] [main] Using git "2.43.0" from "git"
2025-06-19 02:53:43.306 [info] [Model][doInitialScan] Initial repository scan started
2025-06-19 02:53:43.306 [info] > git rev-parse --show-toplevel [3ms]
2025-06-19 02:53:43.306 [info] fatal: not a git repository (or any parent up to mount point /)
Stopping at filesystem boundary (GIT_DISCOVERY_ACROSS_FILESYSTEM not set).
2025-06-19 02:53:43.306 [info] > git rev-parse --show-toplevel [2ms]
2025-06-19 02:53:43.306 [info] fatal: not a git repository (or any parent up to mount point /)
Stopping at filesystem boundary (GIT_DISCOVERY_ACROSS_FILESYSTEM not set).
2025-06-19 02:53:43.306 [info] > git rev-parse --show-toplevel [2ms]
2025-06-19 02:53:43.306 [info] fatal: not a git repository (or any parent up to mount point /)
Stopping at filesystem boundary (GIT_DISCOVERY_ACROSS_FILESYSTEM not set).
2025-06-19 02:53:43.306 [info] > git rev-parse --show-toplevel [2ms]
2025-06-19 02:53:43.310 [info] fatal: not a git repository (or any parent up to mount point /)
Stopping at filesystem boundary (GIT_DISCOVERY_ACROSS_FILESYSTEM not set).
2025-06-19 02:53:43.310 [info] > git rev-parse --show-toplevel [2ms]
2025-06-19 02:53:43.310 [info] fatal: not a git repository (or any parent up to mount point /)
Stopping at filesystem boundary (GIT_DISCOVERY_ACROSS_FILESYSTEM not set).
2025-06-19 02:53:43.310 [info] > git rev-parse --show-toplevel [2ms]
2025-06-19 02:53:43.310 [info] fatal: not a git repository (or any parent up to mount point /)
Stopping at filesystem boundary (GIT_DISCOVERY_ACROSS_FILESYSTEM not set).
2025-06-19 02:53:43.310 [info] > git rev-parse --show-toplevel [2ms]
2025-06-19 02:53:43.310 [info] fatal: not a git repository (or any parent up to mount point /)
Stopping at filesystem boundary (GIT_DISCOVERY_ACROSS_FILESYSTEM not set).
2025-06-19 02:53:43.310 [info] > git rev-parse --show-toplevel [2ms]
2025-06-19 02:53:43.310 [info] fatal: not a git repository (or any parent up to mount point /)
Stopping at filesystem boundary (GIT_DISCOVERY_ACROSS_FILESYSTEM not set).
2025-06-19 02:53:43.310 [info] > git rev-parse --show-toplevel [3594ms]
2025-06-19 02:53:43.310 [info] fatal: not a git repository (or any parent up to mount point /)
Stopping at filesystem boundary (GIT_DISCOVERY_ACROSS_FILESYSTEM not set).
2025-06-19 02:53:43.310 [info] > git rev-parse --show-toplevel [16ms]
2025-06-19 02:53:43.310 [info] fatal: not a git repository (or any parent up to mount point /)
Stopping at filesystem boundary (GIT_DISCOVERY_ACROSS_FILESYSTEM not set).
2025-06-19 02:53:43.310 [info] > git rev-parse --show-toplevel [2393ms]
2025-06-19 02:53:43.310 [info] fatal: not a git repository (or any parent up to mount point /)
Stopping at filesystem boundary (GIT_DISCOVERY_ACROSS_FILESYSTEM not set).
2025-06-19 02:53:43.311 [info] [Model][doInitialScan] Initial repository scan completed - repositories (0), closed repositories (0), parent repositories (0), unsafe repositories (0)
2025-06-19 02:54:59.606 [info] > git rev-parse --show-toplevel [10ms]
2025-06-19 02:54:59.607 [info] fatal: not a git repository (or any parent up to mount point /)
Stopping at filesystem boundary (GIT_DISCOVERY_ACROSS_FILESYSTEM not set).
2025-06-19 02:55:10.527 [info] > git rev-parse --show-toplevel [4ms]
2025-06-19 02:55:10.528 [info] fatal: not a git repository (or any parent up to mount point /)
Stopping at filesystem boundary (GIT_DISCOVERY_ACROSS_FILESYSTEM not set).
2025-06-19 02:56:15.701 [info] > git rev-parse --show-toplevel [5ms]
2025-06-19 02:56:15.702 [info] fatal: not a git repository (or any parent up to mount point /)
Stopping at filesystem boundary (GIT_DISCOVERY_ACROSS_FILESYSTEM not set).
2025-06-19 02:56:21.800 [info] > git rev-parse --show-toplevel [9ms]
2025-06-19 02:56:21.800 [info] fatal: not a git repository (or any parent up to mount point /)
Stopping at filesystem boundary (GIT_DISCOVERY_ACROSS_FILESYSTEM not set).
2025-06-19 03:00:37.367 [info] > git rev-parse --show-toplevel [12ms]
2025-06-19 03:00:37.367 [info] fatal: not a git repository (or any parent up to mount point /)
Stopping at filesystem boundary (GIT_DISCOVERY_ACROSS_FILESYSTEM not set).
2025-06-19 03:07:32.058 [info] > git rev-parse --show-toplevel [1ms]
2025-06-19 03:07:32.069 [info] > git rev-parse --git-dir --git-common-dir [2ms]
2025-06-19 03:07:32.089 [info] [Model][openRepository] Opened repository: /home/hackathon_participant12
2025-06-19 03:07:32.116 [info] [Git][getRemotes] No remotes found in the git config file
2025-06-19 03:07:32.117 [info] > git config --get commit.template [15ms]
2025-06-19 03:07:32.118 [info] > git for-each-ref --format=%(refname)%00%(upstream:short)%00%(objectname)%00%(upstream:track)%00%(upstream:remotename)%00%(upstream:remoteref) refs/heads/master refs/remotes/master [4ms]
2025-06-19 03:07:32.118 [warning] [Git][getBranch] No such branch: master
2025-06-19 03:07:32.147 [info] > git for-each-ref --sort -committerdate --format %(refname)%00%(objectname)%00%(*objectname) [2ms]
2025-06-19 03:07:32.208 [info] > git status -z -uall [80ms]
2025-06-19 03:07:33.735 [info] > git for-each-ref --format=%(refname)%00%(upstream:short)%00%(objectname)%00%(upstream:track)%00%(upstream:remotename)%00%(upstream:remoteref) refs/heads/master refs/remotes/master [1331ms]
2025-06-19 03:07:33.735 [warning] [Git][getBranch] No such branch: master
2025-06-19 03:07:33.736 [error] [GitHistoryProvider][resolveHEADMergeBase] Failed to resolve merge base for master: Error: No such branch: master.
2025-06-19 03:07:33.765 [info] > git config --get commit.template [45ms]
2025-06-19 03:07:33.766 [info] [Git][getRemotes] No remotes found in the git config file
2025-06-19 03:07:33.777 [info] > git for-each-ref --format=%(refname)%00%(upstream:short)%00%(objectname)%00%(upstream:track)%00%(upstream:remotename)%00%(upstream:remoteref) refs/heads/master refs/remotes/master [1ms]
2025-06-19 03:07:33.778 [warning] [Git][getBranch] No such branch: master
2025-06-19 03:07:33.802 [info] > git for-each-ref --sort -committerdate --format %(refname)%00%(objectname)%00%(*objectname) [2ms]
2025-06-19 03:07:34.186 [info] > git status -z -uall [400ms]
2025-06-19 03:07:35.775 [info] > git check-ignore -v -z --stdin [1216ms]
2025-06-19 03:08:24.477 [info] [Git][getRemotes] No remotes found in the git config file
2025-06-19 03:08:24.479 [info] > git config --get commit.template [11ms]
2025-06-19 03:08:24.479 [info] > git for-each-ref --format=%(refname)%00%(upstream:short)%00%(objectname)%00%(upstream:track)%00%(upstream:remotename)%00%(upstream:remoteref) refs/heads/master refs/remotes/master [3ms]
2025-06-19 03:08:24.479 [warning] [Git][getBranch] No such branch: master
2025-06-19 03:08:24.503 [info] > git for-each-ref --sort -committerdate --format %(refname)%00%(objectname)%00%(*objectname) [1ms]
2025-06-19 03:08:24.551 [info] > git status -z -uall [63ms]
2025-06-19 03:08:29.705 [info] [Git][getRemotes] No remotes found in the git config file
2025-06-19 03:08:29.709 [info] > git config --get commit.template [21ms]
2025-06-19 03:08:29.711 [info] > git for-each-ref --format=%(refname)%00%(upstream:short)%00%(objectname)%00%(upstream:track)%00%(upstream:remotename)%00%(upstream:remoteref) refs/heads/master refs/remotes/master [8ms]
2025-06-19 03:08:29.711 [warning] [Git][getBranch] No such branch: master
2025-06-19 03:08:29.756 [info] > git for-each-ref --sort -committerdate --format %(refname)%00%(objectname)%00%(*objectname) [5ms]
2025-06-19 03:08:29.903 [info] > git status -z -uall [179ms]
2025-06-19 03:08:35.711 [info] [Git][getRemotes] No remotes found in the git config file
2025-06-19 03:08:35.713 [info] > git config --get commit.template [13ms]
2025-06-19 03:08:35.713 [info] > git for-each-ref --format=%(refname)%00%(upstream:short)%00%(objectname)%00%(upstream:track)%00%(upstream:remotename)%00%(upstream:remoteref) refs/heads/master refs/remotes/master [2ms]
2025-06-19 03:08:35.713 [warning] [Git][getBranch] No such branch: master
2025-06-19 03:08:35.738 [info] > git for-each-ref --sort -committerdate --format %(refname)%00%(objectname)%00%(*objectname) [2ms]
2025-06-19 03:08:35.791 [info] > git status -z -uall [70ms]
2025-06-19 03:09:59.847 [info] > git check-ignore -v -z --stdin [18ms]
2025-06-19 03:10:30.557 [info] > git config --get commit.template [3ms]
2025-06-19 03:10:30.557 [info] [Git][getRemotes] No remotes found in the git config file
2025-06-19 03:10:30.569 [info] > git for-each-ref --format=%(refname)%00%(upstream:short)%00%(objectname)%00%(upstream:track)%00%(upstream:remotename)%00%(upstream:remoteref) refs/heads/master refs/remotes/master [2ms]
2025-06-19 03:10:30.610 [info] > git for-each-ref --sort -committerdate --format %(refname)%00%(objectname)%00%(*objectname) [5ms]
2025-06-19 03:10:30.645 [info] > git status -z -uall [68ms]
2025-06-19 03:10:31.326 [info] > git show --textconv :product-manager/prompt.py [12ms]
2025-06-19 03:10:31.330 [info] > git ls-files --stage -- product-manager/prompt.py [6ms]
2025-06-19 03:10:31.345 [info] > git cat-file -s d35d3ab1d513c45deb16c601a18f3861540566c2 [6ms]
2025-06-19 03:10:31.956 [info] > git blame --root --incremental 2ec11018fb9ccd172d0e53c3426a1174c478da54 -- product-manager/prompt.py [5ms]
2025-06-19 03:10:35.710 [info] [Git][getRemotes] No remotes found in the git config file
2025-06-19 03:10:35.711 [info] > git config --get commit.template [10ms]
2025-06-19 03:10:35.713 [info] > git for-each-ref --format=%(refname)%00%(upstream:short)%00%(objectname)%00%(upstream:track)%00%(upstream:remotename)%00%(upstream:remoteref) refs/heads/master refs/remotes/master [4ms]
2025-06-19 03:10:35.751 [info] > git for-each-ref --sort -committerdate --format %(refname)%00%(objectname)%00%(*objectname) [10ms]
2025-06-19 03:10:35.786 [info] > git status -z -uall [65ms]
2025-06-19 03:10:40.809 [info] [Git][getRemotes] No remotes found in the git config file
2025-06-19 03:10:40.810 [info] > git config --get commit.template [11ms]
2025-06-19 03:10:40.811 [info] > git for-each-ref --format=%(refname)%00%(upstream:short)%00%(objectname)%00%(upstream:track)%00%(upstream:remotename)%00%(upstream:remoteref) refs/heads/master refs/remotes/master [3ms]
2025-06-19 03:10:40.853 [info] > git for-each-ref --sort -committerdate --format %(refname)%00%(objectname)%00%(*objectname) [5ms]
2025-06-19 03:10:40.888 [info] > git status -z -uall [69ms]
2025-06-19 03:10:48.878 [info] > git ls-files --stage -- product-manager/prompt.py [4ms]
2025-06-19 03:10:48.889 [info] > git cat-file -s d35d3ab1d513c45deb16c601a18f3861540566c2 [2ms]
2025-06-19 03:10:49.006 [info] > git show --textconv :product-manager/prompt.py [5ms]
2025-06-19 03:12:54.583 [info] > git config --get commit.template [10ms]
2025-06-19 03:12:54.584 [info] > git for-each-ref --format=%(refname)%00%(upstream:short)%00%(objectname)%00%(upstream:track)%00%(upstream:remotename)%00%(upstream:remoteref) refs/heads/master refs/remotes/master [3ms]
2025-06-19 03:12:54.633 [info] > git for-each-ref --sort -committerdate --format %(refname)%00%(objectname)%00%(*objectname) [6ms]
2025-06-19 03:12:54.664 [info] > git status -z -uall [70ms]
2025-06-19 03:12:59.694 [info] > git config --get commit.template [15ms]
2025-06-19 03:12:59.695 [info] > git for-each-ref --format=%(refname)%00%(upstream:short)%00%(objectname)%00%(upstream:track)%00%(upstream:remotename)%00%(upstream:remoteref) refs/heads/master refs/remotes/master [2ms]
2025-06-19 03:12:59.752 [info] > git for-each-ref --sort -committerdate --format %(refname)%00%(objectname)%00%(*objectname) [8ms]
2025-06-19 03:12:59.788 [info] > git status -z -uall [80ms]
2025-06-19 03:13:24.723 [info] > git config --get commit.template [3ms]
2025-06-19 03:13:24.735 [info] > git for-each-ref --format=%(refname)%00%(upstream:short)%00%(objectname)%00%(upstream:track)%00%(upstream:remotename)%00%(upstream:remoteref) refs/heads/master refs/remotes/master [3ms]
2025-06-19 03:13:24.780 [info] > git for-each-ref --sort -committerdate --format %(refname)%00%(objectname)%00%(*objectname) [5ms]
2025-06-19 03:13:24.816 [info] > git status -z -uall [71ms]
2025-06-19 03:13:29.842 [info] > git config --get commit.template [12ms]
2025-06-19 03:13:29.843 [info] > git for-each-ref --format=%(refname)%00%(upstream:short)%00%(objectname)%00%(upstream:track)%00%(upstream:remotename)%00%(upstream:remoteref) refs/heads/master refs/remotes/master [2ms]
2025-06-19 03:13:29.886 [info] > git for-each-ref --sort -committerdate --format %(refname)%00%(objectname)%00%(*objectname) [5ms]
2025-06-19 03:13:29.919 [info] > git status -z -uall [66ms]
2025-06-19 03:15:01.773 [info] > git config --get commit.template [12ms]
2025-06-19 03:15:01.774 [info] > git for-each-ref --format=%(refname)%00%(upstream:short)%00%(objectname)%00%(upstream:track)%00%(upstream:remotename)%00%(upstream:remoteref) refs/heads/master refs/remotes/master [2ms]
2025-06-19 03:15:01.816 [info] > git for-each-ref --sort -committerdate --format %(refname)%00%(objectname)%00%(*objectname) [6ms]
2025-06-19 03:15:01.853 [info] > git status -z -uall [68ms]
2025-06-19 03:15:06.879 [info] > git config --get commit.template [12ms]
2025-06-19 03:15:06.880 [info] > git for-each-ref --format=%(refname)%00%(upstream:short)%00%(objectname)%00%(upstream:track)%00%(upstream:remotename)%00%(upstream:remoteref) refs/heads/master refs/remotes/master [2ms]
2025-06-19 03:15:06.915 [info] > git for-each-ref --sort -committerdate --format %(refname)%00%(objectname)%00%(*objectname) [4ms]
2025-06-19 03:15:06.962 [info] > git status -z -uall [72ms]
2025-06-19 03:15:17.298 [info] > git ls-files --stage -- product-manager/prompt.py [5ms]
2025-06-19 03:15:17.310 [info] > git cat-file -s d35d3ab1d513c45deb16c601a18f3861540566c2 [2ms]
2025-06-19 03:15:17.429 [info] > git show --textconv :product-manager/prompt.py [5ms]
2025-06-19 03:16:40.410 [info] > git config --get commit.template [11ms]
2025-06-19 03:16:40.412 [info] > git for-each-ref --format=%(refname)%00%(upstream:short)%00%(objectname)%00%(upstream:track)%00%(upstream:remotename)%00%(upstream:remoteref) refs/heads/master refs/remotes/master [3ms]
2025-06-19 03:16:40.454 [info] > git for-each-ref --sort -committerdate --format %(refname)%00%(objectname)%00%(*objectname) [5ms]
2025-06-19 03:16:40.493 [info] > git status -z -uall [70ms]
2025-06-19 03:16:40.512 [info] > git merge-base refs/heads/master refs/remotes/origin/master [3ms]
2025-06-19 03:16:40.526 [info] > git diff --name-status -z --diff-filter=ADMR 2ec11018fb9ccd172d0e53c3426a1174c478da54...refs/remotes/origin/master [3ms]
2025-06-19 03:16:45.533 [info] > git config --get commit.template [12ms]
2025-06-19 03:16:45.534 [info] > git for-each-ref --format=%(refname)%00%(upstream:short)%00%(objectname)%00%(upstream:track)%00%(upstream:remotename)%00%(upstream:remoteref) refs/heads/master refs/remotes/master [3ms]
2025-06-19 03:16:45.589 [info] > git for-each-ref --sort -committerdate --format %(refname)%00%(objectname)%00%(*objectname) [11ms]
2025-06-19 03:16:45.625 [info] > git status -z -uall [80ms]
2025-06-19 03:16:57.917 [info] > git show --textconv :product-manager/sub_agents/delivery/agent.py [32ms]
2025-06-19 03:16:57.925 [info] > git ls-files --stage -- product-manager/sub_agents/delivery/agent.py [11ms]
2025-06-19 03:16:57.942 [info] > git cat-file -s b6a0ed3ad56b896cd8f935f7128ffb9bfb819bec [3ms]
2025-06-19 03:16:58.075 [info] > git blame --root --incremental 2ec11018fb9ccd172d0e53c3426a1174c478da54 -- product-manager/sub_agents/delivery/agent.py [10ms]
2025-06-19 03:17:19.315 [info] > git config --get commit.template [3ms]
2025-06-19 03:17:19.328 [info] > git for-each-ref --format=%(refname)%00%(upstream:short)%00%(objectname)%00%(upstream:track)%00%(upstream:remotename)%00%(upstream:remoteref) refs/heads/master refs/remotes/master [3ms]
2025-06-19 03:17:19.371 [info] > git for-each-ref --sort -committerdate --format %(refname)%00%(objectname)%00%(*objectname) [8ms]
2025-06-19 03:17:19.405 [info] > git status -z -uall [67ms]
2025-06-19 03:19:32.615 [info] > git config --get commit.template [4ms]
2025-06-19 03:19:32.631 [info] > git for-each-ref --format=%(refname)%00%(upstream:short)%00%(objectname)%00%(upstream:track)%00%(upstream:remotename)%00%(upstream:remoteref) refs/heads/master refs/remotes/master [2ms]
2025-06-19 03:19:32.674 [info] > git for-each-ref --sort -committerdate --format %(refname)%00%(objectname)%00%(*objectname) [8ms]
2025-06-19 03:19:32.712 [info] > git status -z -uall [71ms]
2025-06-19 03:19:37.730 [info] > git config --get commit.template [3ms]
2025-06-19 03:19:37.745 [info] > git for-each-ref --format=%(refname)%00%(upstream:short)%00%(objectname)%00%(upstream:track)%00%(upstream:remotename)%00%(upstream:remoteref) refs/heads/master refs/remotes/master [3ms]
2025-06-19 03:19:37.788 [info] > git for-each-ref --sort -committerdate --format %(refname)%00%(objectname)%00%(*objectname) [7ms]
2025-06-19 03:19:37.863 [info] > git status -z -uall [108ms]
2025-06-19 03:20:24.274 [info] > git config --get commit.template [12ms]
2025-06-19 03:20:24.276 [info] > git for-each-ref --format=%(refname)%00%(upstream:short)%00%(objectname)%00%(upstream:track)%00%(upstream:remotename)%00%(upstream:remoteref) refs/heads/master refs/remotes/master [4ms]
2025-06-19 03:20:24.321 [info] > git for-each-ref --sort -committerdate --format %(refname)%00%(objectname)%00%(*objectname) [4ms]
2025-06-19 03:20:24.353 [info] > git status -z -uall [66ms]
2025-06-19 03:22:34.462 [info] > git config --get commit.template [12ms]
2025-06-19 03:22:34.465 [info] > git for-each-ref --format=%(refname)%00%(upstream:short)%00%(objectname)%00%(upstream:track)%00%(upstream:remotename)%00%(upstream:remoteref) refs/heads/master refs/remotes/master [4ms]
2025-06-19 03:22:34.517 [info] > git for-each-ref --sort -committerdate --format %(refname)%00%(objectname)%00%(*objectname) [7ms]
2025-06-19 03:22:34.547 [info] > git status -z -uall [69ms]
2025-06-19 03:22:38.145 [info] > git show --textconv :product-manager/prompt.py [24ms]
2025-06-19 03:22:38.150 [info] > git ls-files --stage -- product-manager/prompt.py [8ms]
2025-06-19 03:22:38.168 [info] > git cat-file -s d35d3ab1d513c45deb16c601a18f3861540566c2 [3ms]
2025-06-19 03:22:38.834 [info] > git show --textconv :product-manager/agent.py [20ms]
2025-06-19 03:22:38.842 [info] > git ls-files --stage -- product-manager/agent.py [10ms]
2025-06-19 03:22:38.862 [info] > git cat-file -s d8d9f75e34d7e66816a50ec11ece4f1bc6acd341 [4ms]
2025-06-19 03:22:38.999 [info] > git blame --root --incremental 2ec11018fb9ccd172d0e53c3426a1174c478da54 -- product-manager/agent.py [5ms]
2025-06-19 03:22:39.585 [info] > git config --get commit.template [18ms]
2025-06-19 03:22:39.586 [info] > git for-each-ref --format=%(refname)%00%(upstream:short)%00%(objectname)%00%(upstream:track)%00%(upstream:remotename)%00%(upstream:remoteref) refs/heads/master refs/remotes/master [5ms]
2025-06-19 03:22:39.649 [info] > git for-each-ref --sort -committerdate --format %(refname)%00%(objectname)%00%(*objectname) [5ms]
2025-06-19 03:22:39.686 [info] > git status -z -uall [86ms]
2025-06-19 03:22:43.606 [info] > git show --textconv :product-manager/sub_agents/discovery/agent.py [18ms]
2025-06-19 03:22:43.609 [info] > git ls-files --stage -- product-manager/sub_agents/discovery/agent.py [6ms]
2025-06-19 03:22:43.622 [info] > git cat-file -s 18d48b7fe4fdfea0f88e11a42bd64036e7e8e462 [3ms]
2025-06-19 03:22:43.744 [info] > git blame --root --incremental 2ec11018fb9ccd172d0e53c3426a1174c478da54 -- product-manager/sub_agents/discovery/agent.py [4ms]
2025-06-19 03:22:46.630 [info] > git show --textconv :product-manager/sub_agents/discovery/prompt.py [14ms]
2025-06-19 03:22:46.634 [info] > git ls-files --stage -- product-manager/sub_agents/discovery/prompt.py [5ms]
2025-06-19 03:22:46.646 [info] > git cat-file -s 73daeab84f71f8b2e6b665bb9c7bed33bb17efa7 [2ms]
2025-06-19 03:22:46.850 [info] > git blame --root --incremental 2ec11018fb9ccd172d0e53c3426a1174c478da54 -- product-manager/sub_agents/discovery/prompt.py [3ms]
2025-06-19 03:25:24.893 [info] > git config --get commit.template [3ms]
2025-06-19 03:25:24.906 [info] > git for-each-ref --format=%(refname)%00%(upstream:short)%00%(objectname)%00%(upstream:track)%00%(upstream:remotename)%00%(upstream:remoteref) refs/heads/master refs/remotes/master [3ms]
2025-06-19 03:25:24.947 [info] > git for-each-ref --sort -committerdate --format %(refname)%00%(objectname)%00%(*objectname) [5ms]
2025-06-19 03:25:24.986 [info] > git status -z -uall [70ms]
2025-06-19 03:25:27.683 [info] > git show --textconv :product-manager/sub_agents/delivery/prompt.py [13ms]
2025-06-19 03:25:27.687 [info] > git ls-files --stage -- product-manager/sub_agents/delivery/prompt.py [5ms]
2025-06-19 03:25:27.701 [info] > git cat-file -s b74e50d96e8208fa8729782a0b442fec11218fc3 [2ms]
2025-06-19 03:25:27.878 [info] > git blame --root --incremental 2ec11018fb9ccd172d0e53c3426a1174c478da54 -- product-manager/sub_agents/delivery/prompt.py [6ms]
2025-06-19 03:25:30.022 [info] > git config --get commit.template [19ms]
2025-06-19 03:25:30.023 [info] > git for-each-ref --format=%(refname)%00%(upstream:short)%00%(objectname)%00%(upstream:track)%00%(upstream:remotename)%00%(upstream:remoteref) refs/heads/master refs/remotes/master [8ms]
2025-06-19 03:25:30.068 [info] > git for-each-ref --sort -committerdate --format %(refname)%00%(objectname)%00%(*objectname) [7ms]
2025-06-19 03:25:30.112 [info] > git status -z -uall [73ms]
2025-06-19 03:25:57.989 [info] > git show --textconv :product-manager/prompt.py [22ms]
2025-06-19 03:25:57.995 [info] > git ls-files --stage -- product-manager/prompt.py [7ms]
2025-06-19 03:25:58.013 [info] > git cat-file -s d35d3ab1d513c45deb16c601a18f3861540566c2 [3ms]
2025-06-19 03:26:04.655 [info] > git show --textconv :product-manager/sub_agents/gtm/agent.py [15ms]
2025-06-19 03:26:04.659 [info] > git ls-files --stage -- product-manager/sub_agents/gtm/agent.py [6ms]
2025-06-19 03:26:04.671 [info] > git cat-file -s 07b87eb999813d9da25c3f8c72e132f7a271b31b [2ms]
2025-06-19 03:26:10.321 [info] > git blame --root --incremental 2ec11018fb9ccd172d0e53c3426a1174c478da54 -- product-manager/sub_agents/gtm/agent.py [6ms]
2025-06-19 03:26:14.662 [info] > git show --textconv :product-manager/prompt.py [29ms]
2025-06-19 03:26:14.664 [info] > git ls-files --stage -- product-manager/prompt.py [9ms]
2025-06-19 03:26:14.684 [info] > git cat-file -s d35d3ab1d513c45deb16c601a18f3861540566c2 [3ms]
2025-06-19 03:26:15.288 [info] > git show --textconv :product-manager/agent.py [21ms]
2025-06-19 03:26:15.296 [info] > git ls-files --stage -- product-manager/agent.py [9ms]
2025-06-19 03:26:15.324 [info] > git cat-file -s d8d9f75e34d7e66816a50ec11ece4f1bc6acd341 [6ms]
2025-06-19 03:28:48.252 [info] > git config --get commit.template [12ms]
2025-06-19 03:28:48.254 [info] > git for-each-ref --format=%(refname)%00%(upstream:short)%00%(objectname)%00%(upstream:track)%00%(upstream:remotename)%00%(upstream:remoteref) refs/heads/master refs/remotes/master [3ms]
2025-06-19 03:28:48.301 [info] > git for-each-ref --sort -committerdate --format %(refname)%00%(objectname)%00%(*objectname) [6ms]
2025-06-19 03:28:48.333 [info] > git status -z -uall [67ms]
2025-06-19 03:28:53.353 [info] > git config --get commit.template [3ms]
2025-06-19 03:28:53.366 [info] > git for-each-ref --format=%(refname)%00%(upstream:short)%00%(objectname)%00%(upstream:track)%00%(upstream:remotename)%00%(upstream:remoteref) refs/heads/master refs/remotes/master [3ms]
2025-06-19 03:28:53.411 [info] > git for-each-ref --sort -committerdate --format %(refname)%00%(objectname)%00%(*objectname) [4ms]
2025-06-19 03:28:53.444 [info] > git status -z -uall [66ms]
2025-06-19 03:29:16.831 [info] > git config --get commit.template [12ms]
2025-06-19 03:29:16.834 [info] > git for-each-ref --format=%(refname)%00%(upstream:short)%00%(objectname)%00%(upstream:track)%00%(upstream:remotename)%00%(upstream:remoteref) refs/heads/master refs/remotes/master [4ms]
2025-06-19 03:29:16.885 [info] > git for-each-ref --sort -committerdate --format %(refname)%00%(objectname)%00%(*objectname) [5ms]
2025-06-19 03:29:16.917 [info] > git status -z -uall [71ms]
2025-06-19 03:29:29.910 [info] > git check-ignore -v -z --stdin [5ms]
2025-06-19 03:29:35.118 [info] > git config --get commit.template [12ms]
2025-06-19 03:29:35.121 [info] > git for-each-ref --format=%(refname)%00%(upstream:short)%00%(objectname)%00%(upstream:track)%00%(upstream:remotename)%00%(upstream:remoteref) refs/heads/master refs/remotes/master [5ms]
2025-06-19 03:29:35.163 [info] > git for-each-ref --sort -committerdate --format %(refname)%00%(objectname)%00%(*objectname) [5ms]
2025-06-19 03:29:35.199 [info] > git status -z -uall [67ms]
2025-06-19 03:29:39.858 [info] > git show --textconv :product-manager/sub_agents/delivery/prompt.py [20ms]
2025-06-19 03:29:39.859 [info] > git ls-files --stage -- product-manager/sub_agents/delivery/prompt.py [8ms]
2025-06-19 03:29:39.872 [info] > git cat-file -s b74e50d96e8208fa8729782a0b442fec11218fc3 [2ms]
2025-06-19 03:29:40.227 [info] > git config --get commit.template [12ms]
2025-06-19 03:29:40.229 [info] > git for-each-ref --format=%(refname)%00%(upstream:short)%00%(objectname)%00%(upstream:track)%00%(upstream:remotename)%00%(upstream:remoteref) refs/heads/master refs/remotes/master [3ms]
2025-06-19 03:29:40.283 [info] > git for-each-ref --sort -committerdate --format %(refname)%00%(objectname)%00%(*objectname) [6ms]
2025-06-19 03:29:40.314 [info] > git status -z -uall [72ms]
2025-06-19 03:29:44.899 [info] > git show --textconv :product-manager/sub_agents/delivery/agent.py [22ms]
2025-06-19 03:29:44.911 [info] > git ls-files --stage -- product-manager/sub_agents/delivery/agent.py [13ms]
2025-06-19 03:29:44.961 [info] > git cat-file -s b6a0ed3ad56b896cd8f935f7128ffb9bfb819bec [8ms]
2025-06-19 03:30:05.845 [info] > git config --get commit.template [0ms]
2025-06-19 03:30:05.860 [info] > git for-each-ref --format=%(refname)%00%(upstream:short)%00%(objectname)%00%(upstream:track)%00%(upstream:remotename)%00%(upstream:remoteref) refs/heads/master refs/remotes/master [3ms]
2025-06-19 03:30:05.905 [info] > git for-each-ref --sort -committerdate --format %(refname)%00%(objectname)%00%(*objectname) [6ms]
2025-06-19 03:30:05.941 [info] > git status -z -uall [70ms]
2025-06-19 03:30:12.242 [info] > git show --textconv :product-manager/agent.py [21ms]
2025-06-19 03:30:12.246 [info] > git ls-files --stage -- product-manager/agent.py [6ms]
2025-06-19 03:30:12.259 [info] > git cat-file -s d8d9f75e34d7e66816a50ec11ece4f1bc6acd341 [2ms]
2025-06-19 03:30:23.529 [info] > git show --textconv :product-manager/prompt.py [22ms]
2025-06-19 03:30:23.536 [info] > git ls-files --stage -- product-manager/prompt.py [8ms]
2025-06-19 03:30:23.554 [info] > git cat-file -s d35d3ab1d513c45deb16c601a18f3861540566c2 [1ms]
2025-06-19 03:30:26.583 [info] > git show --textconv :product-manager/__init__.py [17ms]
2025-06-19 03:30:26.585 [info] > git ls-files --stage -- product-manager/__init__.py [6ms]
2025-06-19 03:30:26.598 [info] > git cat-file -s 70d10a6977181c6201a5882b15cc83179c0c82dd [3ms]
2025-06-19 03:30:26.717 [info] > git blame --root --incremental 2ec11018fb9ccd172d0e53c3426a1174c478da54 -- product-manager/__init__.py [3ms]
2025-06-19 03:30:29.384 [info] > git show --textconv :product-manager/sub_agents/gtm/__init__.py [19ms]
2025-06-19 03:30:29.388 [info] > git ls-files --stage -- product-manager/sub_agents/gtm/__init__.py [10ms]
2025-06-19 03:30:29.402 [info] > git cat-file -s 0b362275bb592f679d251dd49fa6ddc03b764b1a [2ms]
2025-06-19 03:30:31.333 [info] > git blame --root --incremental 2ec11018fb9ccd172d0e53c3426a1174c478da54 -- product-manager/sub_agents/gtm/__init__.py [5ms]
2025-06-19 03:30:33.920 [info] > git show --textconv :product-manager/sub_agents/gtm/agent.py [24ms]
2025-06-19 03:30:33.926 [info] > git ls-files --stage -- product-manager/sub_agents/gtm/agent.py [8ms]
2025-06-19 03:30:33.943 [info] > git cat-file -s 07b87eb999813d9da25c3f8c72e132f7a271b31b [2ms]
2025-06-19 03:31:09.277 [info] > git show --textconv :product-manager/agent.py [25ms]
2025-06-19 03:31:09.284 [info] > git ls-files --stage -- product-manager/agent.py [7ms]
2025-06-19 03:31:09.301 [info] > git cat-file -s d8d9f75e34d7e66816a50ec11ece4f1bc6acd341 [2ms]
2025-06-19 03:31:20.855 [info] > git show --textconv :product-manager/sub_agents/discovery/agent.py [16ms]
2025-06-19 03:31:20.858 [info] > git ls-files --stage -- product-manager/sub_agents/discovery/agent.py [5ms]
2025-06-19 03:31:20.871 [info] > git cat-file -s 18d48b7fe4fdfea0f88e11a42bd64036e7e8e462 [3ms]
2025-06-19 03:31:22.570 [info] > git show --textconv :product-manager/sub_agents/gtm/agent.py [16ms]
2025-06-19 03:31:22.574 [info] > git ls-files --stage -- product-manager/sub_agents/gtm/agent.py [5ms]
2025-06-19 03:31:22.586 [info] > git cat-file -s 07b87eb999813d9da25c3f8c72e132f7a271b31b [2ms]
2025-06-19 03:31:25.794 [info] > git show --textconv :product-manager/sub_agents/discovery/prompt.py [14ms]
2025-06-19 03:31:25.798 [info] > git ls-files --stage -- product-manager/sub_agents/discovery/prompt.py [5ms]
2025-06-19 03:31:25.810 [info] > git cat-file -s 73daeab84f71f8b2e6b665bb9c7bed33bb17efa7 [2ms]
2025-06-19 03:31:31.638 [info] > git check-ignore -v -z --stdin [4ms]
2025-06-19 03:31:31.705 [info] > git show --textconv :product-manager/sub_agents/gtm/prompt.py [16ms]
2025-06-19 03:31:31.717 [info] > git ls-files --stage -- product-manager/sub_agents/gtm/prompt.py [16ms]
2025-06-19 03:31:31.730 [info] > git hash-object -t tree /dev/null [14ms]
2025-06-19 03:31:31.731 [warning] [GitFileSystemProvider][readFile] File not found - git:/home/hackathon_participant12/product-manager/sub_agents/gtm/prompt.py.git?%7B%22path%22%3A%22%2Fhome%2Fhackathon_participant12%2Fproduct-manager%2Fsub_agents%2Fgtm%2Fprompt.py%22%2C%22ref%22%3A%22%22%7D
2025-06-19 03:31:31.742 [info] > git hash-object -t tree /dev/null [14ms]
2025-06-19 03:31:31.743 [warning] [GitFileSystemProvider][stat] File not found - git:/home/hackathon_participant12/product-manager/sub_agents/gtm/prompt.py.git?%7B%22path%22%3A%22%2Fhome%2Fhackathon_participant12%2Fproduct-manager%2Fsub_agents%2Fgtm%2Fprompt.py%22%2C%22ref%22%3A%22%22%7D
2025-06-19 03:31:32.732 [info] > git blame --root --incremental 2ec11018fb9ccd172d0e53c3426a1174c478da54 -- product-manager/sub_agents/gtm/prompt.py [4ms]
2025-06-19 03:31:32.732 [info] fatal: no such path product-manager/sub_agents/gtm/prompt.py in 2ec11018fb9ccd172d0e53c3426a1174c478da54
2025-06-19 03:31:39.061 [info] > git show --textconv :product-manager/sub_agents/gtm/agent.py [22ms]
2025-06-19 03:31:39.067 [info] > git ls-files --stage -- product-manager/sub_agents/gtm/agent.py [7ms]
2025-06-19 03:31:39.086 [info] > git cat-file -s 07b87eb999813d9da25c3f8c72e132f7a271b31b [3ms]
2025-06-19 03:31:53.037 [info] > git config --get commit.template [11ms]
2025-06-19 03:31:53.039 [info] > git for-each-ref --format=%(refname)%00%(upstream:short)%00%(objectname)%00%(upstream:track)%00%(upstream:remotename)%00%(upstream:remoteref) refs/heads/master refs/remotes/master [3ms]
2025-06-19 03:31:53.082 [info] > git for-each-ref --sort -committerdate --format %(refname)%00%(objectname)%00%(*objectname) [6ms]
2025-06-19 03:31:53.114 [info] > git status -z -uall [65ms]
2025-06-19 03:31:55.843 [info] > git show --textconv :product-manager/sub_agents/delivery/agent.py [16ms]
2025-06-19 03:31:55.848 [info] > git ls-files --stage -- product-manager/sub_agents/delivery/agent.py [6ms]
2025-06-19 03:31:55.862 [info] > git cat-file -s b6a0ed3ad56b896cd8f935f7128ffb9bfb819bec [3ms]
2025-06-19 03:31:58.143 [info] > git config --get commit.template [12ms]
2025-06-19 03:31:58.146 [info] > git for-each-ref --format=%(refname)%00%(upstream:short)%00%(objectname)%00%(upstream:track)%00%(upstream:remotename)%00%(upstream:remoteref) refs/heads/master refs/remotes/master [4ms]
2025-06-19 03:31:58.192 [info] > git for-each-ref --sort -committerdate --format %(refname)%00%(objectname)%00%(*objectname) [3ms]
2025-06-19 03:31:58.225 [info] > git status -z -uall [67ms]
2025-06-19 03:32:06.935 [info] > git show --textconv :product-manager/sub_agents/delivery/__init__.py [18ms]
2025-06-19 03:32:06.940 [info] > git ls-files --stage -- product-manager/sub_agents/delivery/__init__.py [6ms]
2025-06-19 03:32:06.953 [info] > git cat-file -s 0b362275bb592f679d251dd49fa6ddc03b764b1a [3ms]
2025-06-19 03:32:08.401 [info] > git blame --root --incremental 2ec11018fb9ccd172d0e53c3426a1174c478da54 -- product-manager/sub_agents/delivery/__init__.py [4ms]
2025-06-19 03:32:14.019 [info] > git show --textconv :product-manager/sub_agents/discovery/__init__.py [21ms]
2025-06-19 03:32:14.025 [info] > git ls-files --stage -- product-manager/sub_agents/discovery/__init__.py [7ms]
2025-06-19 03:32:14.045 [info] > git cat-file -s 518dd2747b17ed97337951927ea71d1444c0cb05 [3ms]
2025-06-19 03:32:14.173 [info] > git blame --root --incremental 2ec11018fb9ccd172d0e53c3426a1174c478da54 -- product-manager/sub_agents/discovery/__init__.py [4ms]
2025-06-19 03:32:15.657 [info] > git show --textconv :product-manager/sub_agents/gtm/__init__.py [20ms]
2025-06-19 03:32:15.664 [info] > git ls-files --stage -- product-manager/sub_agents/gtm/__init__.py [8ms]
2025-06-19 03:32:15.687 [info] > git cat-file -s 0b362275bb592f679d251dd49fa6ddc03b764b1a [6ms]
2025-06-19 03:32:29.910 [info] > git check-ignore -v -z --stdin [4ms]
2025-06-19 03:36:58.861 [info] > git config --get commit.template [3ms]
2025-06-19 03:36:58.874 [info] > git for-each-ref --format=%(refname)%00%(upstream:short)%00%(objectname)%00%(upstream:track)%00%(upstream:remotename)%00%(upstream:remoteref) refs/heads/master refs/remotes/master [3ms]
2025-06-19 03:36:58.922 [info] > git for-each-ref --sort -committerdate --format %(refname)%00%(objectname)%00%(*objectname) [5ms]
2025-06-19 03:36:58.949 [info] > git status -z -uall [64ms]
2025-06-19 03:37:03.972 [info] > git config --get commit.template [4ms]
2025-06-19 03:37:03.987 [info] > git for-each-ref --format=%(refname)%00%(upstream:short)%00%(objectname)%00%(upstream:track)%00%(upstream:remotename)%00%(upstream:remoteref) refs/heads/master refs/remotes/master [4ms]
2025-06-19 03:37:04.038 [info] > git for-each-ref --sort -committerdate --format %(refname)%00%(objectname)%00%(*objectname) [2ms]
2025-06-19 03:37:04.077 [info] > git status -z -uall [76ms]
