Initializing document watcher...
Document watcher initialized
hackathon_participant12/product-manager/prompt.py: {}
hackathon_participant12/product-manager/prompt.py: {}
hackathon_participant12/product-manager/prompt.py: {}
hackathon_participant12/product-manager/sub_agents/discovery/agent.py: {}
hackathon_participant12/product-manager/sub_agents/discovery/prompt.py: {}
hackathon_participant12/product-manager/sub_agents/discovery/prompt.py: {}
hackathon_participant12/product-manager/sub_agents/discovery/prompt.py: {}
hackathon_participant12/product-manager/sub_agents/discovery/prompt.py: {}
hackathon_participant12/product-manager/sub_agents/product_name_create/agent.py: {}
hackathon_participant12/product-manager/agent.py: {}
hackathon_participant12/product-manager/agent.py: {}
hackathon_participant12/product-manager/agent.py: {}
hackathon_participant12/product-manager/agent.py: {}
hackathon_participant12/product-manager/agent.py: {}
hackathon_participant12/product-manager/prompt.py: {}
hackathon_participant12/product-manager/prompt.py: {}
hackathon_participant12/product-manager/prompt.py: {}
hackathon_participant12/product-manager/prompt.py: Using EditorConfig core...
hackathon_participant12/product-manager/prompt.py: Using EditorConfig core...
hackathon_participant12/product-manager/prompt.py: Using EditorConfig core...
hackathon_participant12/product-manager/prompt.py: {}
hackathon_participant12/product-manager/prompt.py: {}
hackathon_participant12/product-manager/prompt.py: {}
hackathon_participant12/product-manager/prompt.py: {}
hackathon_participant12/product-manager/prompt.py: Using EditorConfig core...
hackathon_participant12/product-manager/prompt.py: Using EditorConfig core...
hackathon_participant12/product-manager/prompt.py: {}
hackathon_participant12/product-manager/prompt.py: {}
hackathon_participant12/product-manager/prompt.py: {}
hackathon_participant12/product-manager/prompt.py: Using EditorConfig core...
hackathon_participant12/product-manager/prompt.py: {}
hackathon_participant12/product-manager/prompt.py: {}
hackathon_participant12/product-manager/prompt.py: {}
hackathon_participant12/product-manager/prompt.py: {}
hackathon_participant12/product-manager/prompt.py: {}
hackathon_participant12/product-manager/prompt.py: {}
hackathon_participant12/product-manager/prompt.py: {}
hackathon_participant12/product-manager/prompt.py: {}
hackathon_participant12/product-manager/prompt.py: {}
hackathon_participant12/product-manager/prompt.py: {}
hackathon_participant12/product-manager/prompt.py: {}
hackathon_participant12/product-manager/prompt.py: {}
hackathon_participant12/product-manager/prompt.py: {}
hackathon_participant12/product-manager/prompt.py: Using EditorConfig core...
hackathon_participant12/product-manager/prompt.py: {}
hackathon_participant12/product-manager/prompt.py: {}
hackathon_participant12/product-manager/prompt.py: {}
hackathon_participant12/product-manager/prompt.py: {}
hackathon_participant12/product-manager/prompt.py: {}
hackathon_participant12/product-manager/sub_agents/delivery/agent.py: {}
hackathon_participant12/product-manager/sub_agents/delivery/agent.py: {}
hackathon_participant12/product-manager/sub_agents/delivery/agent.py: {}
hackathon_participant12/product-manager/sub_agents/delivery/agent.py: {}
hackathon_participant12/product-manager/sub_agents/delivery/agent.py: {}
hackathon_participant12/product-manager/sub_agents/delivery/agent.py: {}
hackathon_participant12/product-manager/sub_agents/delivery/agent.py: {}
hackathon_participant12/product-manager/sub_agents/delivery/agent.py: {}
No more open editors.
No more open editors.
No more open editors.
No more open editors.
hackathon_participant12/product-manager/prompt.py: {}
hackathon_participant12/product-manager/agent.py: {}
hackathon_participant12/product-manager/sub_agents/discovery/agent.py: {}
hackathon_participant12/product-manager/sub_agents/discovery/prompt.py: {}
hackathon_participant12/product-manager/sub_agents/discovery/prompt.py: {}
hackathon_participant12/product-manager/sub_agents/discovery/prompt.py: {}
hackathon_participant12/product-manager/sub_agents/discovery/prompt.py: {}
hackathon_participant12/product-manager/sub_agents/discovery/prompt.py: {}
hackathon_participant12/product-manager/sub_agents/delivery/prompt.py: {}
hackathon_participant12/product-manager/sub_agents/delivery/prompt.py: Using EditorConfig core...
hackathon_participant12/product-manager/sub_agents/delivery/prompt.py: Using EditorConfig core...
hackathon_participant12/product-manager/sub_agents/delivery/prompt.py: Using EditorConfig core...
hackathon_participant12/product-manager/sub_agents/delivery/prompt.py: Using EditorConfig core...
hackathon_participant12/product-manager/sub_agents/delivery/prompt.py: Using EditorConfig core...
hackathon_participant12/product-manager/prompt.py: {}
hackathon_participant12/product-manager/sub_agents/gtm/agent.py: {}
hackathon_participant12/product-manager/prompt.py: {}
hackathon_participant12/product-manager/agent.py: {}
hackathon_participant12/product-manager/agent.py: Using EditorConfig core...
hackathon_participant12/product-manager/agent.py: Using EditorConfig core...
hackathon_participant12/product-manager/agent.py: Using EditorConfig core...
hackathon_participant12/product-manager/agent.py: Using EditorConfig core...
hackathon_participant12/product-manager/agent.py: Using EditorConfig core...
hackathon_participant12/product-manager/agent.py: {}
hackathon_participant12/product-manager/agent.py: {}
hackathon_participant12/product-manager/agent.py: {}
hackathon_participant12/product-manager/agent.py: {}
hackathon_participant12/product-manager/sub_agents/delivery/prompt.py: {}
hackathon_participant12/product-manager/sub_agents/delivery/agent.py: {}
hackathon_participant12/product-manager/sub_agents/delivery/agent.py: Using EditorConfig core...
hackathon_participant12/product-manager/sub_agents/delivery/agent.py: {}
hackathon_participant12/product-manager/sub_agents/delivery/agent.py: {}
hackathon_participant12/product-manager/agent.py: {}
hackathon_participant12/product-manager/prompt.py: {}
hackathon_participant12/product-manager/__init__.py: {}
hackathon_participant12/product-manager/sub_agents/gtm/__init__.py: {}
hackathon_participant12/product-manager/sub_agents/gtm/agent.py: {}
hackathon_participant12/product-manager/sub_agents/gtm/agent.py: Using EditorConfig core...
hackathon_participant12/product-manager/sub_agents/gtm/agent.py: Using EditorConfig core...
hackathon_participant12/product-manager/sub_agents/gtm/agent.py: Using EditorConfig core...
hackathon_participant12/product-manager/sub_agents/gtm/agent.py: Using EditorConfig core...
hackathon_participant12/product-manager/agent.py: {}
hackathon_participant12/product-manager/sub_agents/discovery/agent.py: {}
hackathon_participant12/product-manager/sub_agents/gtm/agent.py: {}
hackathon_participant12/product-manager/sub_agents/discovery/prompt.py: {}
hackathon_participant12/product-manager/sub_agents/gtm/prompt.py: {}
hackathon_participant12/product-manager/sub_agents/gtm/prompt.py: Using EditorConfig core...
hackathon_participant12/product-manager/sub_agents/gtm/agent.py: {}
hackathon_participant12/product-manager/sub_agents/gtm/agent.py: {}
hackathon_participant12/product-manager/sub_agents/gtm/agent.py: {}
hackathon_participant12/product-manager/sub_agents/delivery/agent.py: {}
hackathon_participant12/product-manager/sub_agents/delivery/__init__.py: {}
hackathon_participant12/product-manager/sub_agents/delivery/__init__.py: Using EditorConfig core...
hackathon_participant12/product-manager/sub_agents/discovery/__init__.py: {}
hackathon_participant12/product-manager/sub_agents/gtm/__init__.py: {}
hackathon_participant12/product-manager/sub_agents/gtm/__init__.py: Using EditorConfig core...
hackathon_participant12/product-manager/sub_agents/gtm/__init__.py: {}
hackathon_participant12/product-manager/sub_agents/gtm/__init__.py: {}
hackathon_participant12/product-manager/sub_agents/gtm/__init__.py: {}
hackathon_participant12/product-manager/prompt.py: {}
hackathon_participant12/product-manager/prompt.py: {}
hackathon_participant12/product-manager/prompt.py: {}
hackathon_participant12/product-manager/prompt.py: {}
hackathon_participant12/product-manager/sub_agents/delivery/prompt.py: {}
hackathon_participant12/product-manager/sub_agents/delivery/agent.py: {}
hackathon_participant12/product-manager/sub_agents/delivery/prompt.py: {}
hackathon_participant12/product-manager/sub_agents/delivery/prompt.py: Using EditorConfig core...
hackathon_participant12/product-manager/sub_agents/delivery/prompt.py: {}
hackathon_participant12/product-manager/sub_agents/delivery/prompt.py: {}
hackathon_participant12/product-manager/sub_agents/delivery/prompt.py: {}
hackathon_participant12/product-manager/sub_agents/delivery/prompt.py: Using EditorConfig core...
hackathon_participant12/product-manager/sub_agents/delivery/prompt.py: {}
hackathon_participant12/product-manager/sub_agents/delivery/prompt.py: {}
hackathon_participant12/product-manager/sub_agents/delivery/prompt.py: {}
hackathon_participant12/product-manager/sub_agents/delivery/prompt.py: Using EditorConfig core...
hackathon_participant12/product-manager/sub_agents/delivery/prompt.py: Using EditorConfig core...
hackathon_participant12/product-manager/sub_agents/delivery/prompt.py: Using EditorConfig core...
hackathon_participant12/product-manager/sub_agents/delivery/prompt.py: Using EditorConfig core...
hackathon_participant12/product-manager/sub_agents/delivery/prompt.py: Using EditorConfig core...
hackathon_participant12/product-manager/sub_agents/delivery/prompt.py: Using EditorConfig core...
hackathon_participant12/product-manager/sub_agents/delivery/prompt.py: {}
hackathon_participant12/product-manager/sub_agents/delivery/prompt.py: {}
hackathon_participant12/product-manager/sub_agents/delivery/prompt.py: Using EditorConfig core...
hackathon_participant12/product-manager/sub_agents/delivery/prompt.py: Using EditorConfig core...
hackathon_participant12/product-manager/sub_agents/delivery/agent.py: {}
hackathon_participant12/product-manager/sub_agents/delivery/agent.py: {}
hackathon_participant12/product-manager/sub_agents/delivery/agent.py: {}
hackathon_participant12/product-manager/sub_agents/delivery/agent.py: {}
hackathon_participant12/.sudo_as_admin_successful: {}
hackathon_participant12/.env: {}
hackathon_participant12/.env: {}
hackathon_participant12/product-manager/prompt.py: {}
hackathon_participant12/product-manager/agent.py: {}
hackathon_participant12/product-manager/prompt.py: {}
hackathon_participant12/product-manager/sub_agents/delivery/prompt.py: {}
hackathon_participant12/product-manager/prompt.py: {}
hackathon_participant12/product-manager/sub_agents/delivery/prompt.py: {}
hackathon_participant12/product-manager/prompt.py: {}
hackathon_participant12/product-manager/prompt.py: Using EditorConfig core...
hackathon_participant12/product-manager/sub_agents/delivery/prompt.py: {}
hackathon_participant12/product-manager/prompt.py: {}
hackathon_participant12/.gitignore: {}
hackathon_participant12/.gitignore: Using EditorConfig core...
hackathon_participant12/.gitignore: Using EditorConfig core...
hackathon_participant12/.gitignore: Using EditorConfig core...
hackathon_participant12/.gitignore: Using EditorConfig core...
hackathon_participant12/.gitignore: Using EditorConfig core...
hackathon_participant12/.gitignore: Using EditorConfig core...
hackathon_participant12/.gitignore: Using EditorConfig core...
hackathon_participant12/.gitignore: Using EditorConfig core...
hackathon_participant12/.gitignore: Using EditorConfig core...
